    OpenRGB v0.9
    Commit:  from 
    Launched: 20240708_141813
====================================================================================================

4     |Info:    Found file: ram cycle.orp attempting to validate header
6     |Info:    Valid v4 profile found for ram cycle
1009  |Info:    ------------------------------------------------------
1009  |Info:    |               Start device detection               |
1009  |Info:    ------------------------------------------------------
1009  |Info:    Initializing HID interfaces: Success
1011  |Info:    ------------------------------------------------------
1011  |Info:    |             Detecting I2C interfaces               |
1011  |Info:    ------------------------------------------------------
1011  |Info:    Registering I2C interface: /dev/i2c-3 Device 1002:73FF Subsystem: 1462:5022
1011  |Info:    Registering I2C interface: /dev/i2c-10 Device 0000:0000 Subsystem: 0000:0000
1011  |Info:    Registering I2C interface: /dev/i2c-1 Device 1002:73FF Subsystem: 1462:5022
1011  |Warning: [i2c_smbus_linux] Failed to read i2c device PCI device ID
1011  |Info:    Registering I2C interface: /dev/i2c-8 Device 0000:0000 Subsystem: 0000:0000
1011  |Info:    Registering I2C interface: /dev/i2c-15 Device 0000:0000 Subsystem: 0000:0000
1011  |Warning: [i2c_smbus_linux] Failed to read i2c device PCI device ID
1011  |Info:    Registering I2C interface: /dev/i2c-6 Device 0000:0000 Subsystem: 0000:0000
1011  |Info:    Registering I2C interface: /dev/i2c-13 Device 0000:0000 Subsystem: 0000:0000
1011  |Info:    Registering I2C interface: /dev/i2c-4 Device 1002:73FF Subsystem: 1462:5022
1011  |Info:    Registering I2C interface: /dev/i2c-11 Device 8086:7A23 Subsystem: 1458:5001
1011  |Info:    Registering I2C interface: /dev/i2c-2 Device 1002:73FF Subsystem: 1462:5022
1011  |Info:    Registering I2C interface: /dev/i2c-0 Device 1002:73FF Subsystem: 1462:5022
1011  |Info:    Registering I2C interface: /dev/i2c-9 Device 0000:0000 Subsystem: 0000:0000
1012  |Warning: [i2c_smbus_linux] Failed to read i2c device PCI device ID
1012  |Info:    Registering I2C interface: /dev/i2c-7 Device 0000:0000 Subsystem: 0000:0000
1012  |Info:    Registering I2C interface: /dev/i2c-14 Device 0000:0000 Subsystem: 0000:0000
1012  |Info:    Registering I2C interface: /dev/i2c-5 Device 1002:73FF Subsystem: 1462:5022
1012  |Info:    Registering I2C interface: /dev/i2c-12 Device 0000:0000 Subsystem: 0000:0000
1012  |Info:    ------------------------------------------------------
1012  |Info:    |               Detecting I2C devices                |
1012  |Info:    ------------------------------------------------------
1264  |Info:    [ENE DRAM] Registering RGB controller
1466  |Info:    [ENE DRAM] Registering RGB controller
1877  |Info:    ------------------------------------------------------
1877  |Info:    |               Detecting I2C PCI devices            |
1877  |Info:    ------------------------------------------------------
1879  |Info:    ------------------------------------------------------
1879  |Info:    |               Detecting HID devices                |
1879  |Info:    ------------------------------------------------------
2040  |Info:    [B760M DS3H DDR4] Registering RGB controller
2252  |Info:    ------------------------------------------------------
2252  |Info:    |            Detecting libusb HID devices            |
2252  |Info:    ------------------------------------------------------
2271  |Info:    ------------------------------------------------------
2271  |Info:    |              Detecting other devices               |
2271  |Info:    ------------------------------------------------------
2282  |Info:    ------------------------------------------------------
2282  |Info:    |                Detection completed                 |
2282  |Info:    ------------------------------------------------------
2282  |Info:    Profile loading: Succeeded for ENE DRAM @ I2C: /dev/i2c-11, address 0x71
2282  |Info:    Profile loading: Succeeded for ENE DRAM @ I2C: /dev/i2c-11, address 0x73
2282  |Info:    Profile loading: FAILED! for B760M DS3H DDR4 @ HID: /dev/hidraw6
