    OpenRGB v0.9
    Commit:  from 
    Launched: 20240519_225030
====================================================================================================

0     |Info:    Found file: ram cycle.orp attempting to validate header
0     |Info:    Valid v4 profile found for ram cycle
1001  |Info:    ------------------------------------------------------
1001  |Info:    |               Start device detection               |
1001  |Info:    ------------------------------------------------------
1002  |Info:    Initializing HID interfaces: Success
1003  |Info:    ------------------------------------------------------
1003  |Info:    |             Detecting I2C interfaces               |
1003  |Info:    ------------------------------------------------------
1003  |Info:    Registering I2C interface: /dev/i2c-3 Device 1002:73FF Subsystem: 1462:5022
1003  |Info:    Registering I2C interface: /dev/i2c-10 Device 0000:0000 Subsystem: 0000:0000
1003  |Info:    Registering I2C interface: /dev/i2c-1 Device 1002:73FF Subsystem: 1462:5022
1003  |Warning: [i2c_smbus_linux] Failed to read i2c device PCI device ID
1003  |Info:    Registering I2C interface: /dev/i2c-8 Device 0000:0000 Subsystem: 0000:0000
1003  |Info:    Registering I2C interface: /dev/i2c-15 Device 0000:0000 Subsystem: 0000:0000
1003  |Warning: [i2c_smbus_linux] Failed to read i2c device PCI device ID
1003  |Info:    Registering I2C interface: /dev/i2c-6 Device 0000:0000 Subsystem: 0000:0000
1003  |Info:    Registering I2C interface: /dev/i2c-13 Device 0000:0000 Subsystem: 0000:0000
1003  |Info:    Registering I2C interface: /dev/i2c-4 Device 1002:73FF Subsystem: 1462:5022
1003  |Info:    Registering I2C interface: /dev/i2c-11 Device 0000:0000 Subsystem: 0000:0000
1003  |Info:    Registering I2C interface: /dev/i2c-2 Device 1002:73FF Subsystem: 1462:5022
1003  |Info:    Registering I2C interface: /dev/i2c-0 Device 1002:73FF Subsystem: 1462:5022
1003  |Info:    Registering I2C interface: /dev/i2c-9 Device 8086:7A23 Subsystem: 1458:5001
1003  |Warning: [i2c_smbus_linux] Failed to read i2c device PCI device ID
1005  |Info:    Registering I2C interface: /dev/i2c-7 Device 0000:0000 Subsystem: 0000:0000
1005  |Info:    Registering I2C interface: /dev/i2c-14 Device 0000:0000 Subsystem: 0000:0000
1005  |Info:    Registering I2C interface: /dev/i2c-5 Device 1002:73FF Subsystem: 1462:5022
1005  |Info:    Registering I2C interface: /dev/i2c-12 Device 0000:0000 Subsystem: 0000:0000
1005  |Info:    ------------------------------------------------------
1005  |Info:    |               Detecting I2C devices                |
1005  |Info:    ------------------------------------------------------
1202  |Info:    [ENE DRAM] Registering RGB controller
1398  |Info:    [ENE DRAM] Registering RGB controller
1798  |Info:    ------------------------------------------------------
1798  |Info:    |               Detecting I2C PCI devices            |
1798  |Info:    ------------------------------------------------------
1798  |Info:    ------------------------------------------------------
1798  |Info:    |               Detecting HID devices                |
1798  |Info:    ------------------------------------------------------
1962  |Info:    [B760M DS3H DDR4] Registering RGB controller
2186  |Info:    [Razer Deathadder Elite] Registering RGB controller
2186  |Info:    ------------------------------------------------------
2186  |Info:    |            Detecting libusb HID devices            |
2186  |Info:    ------------------------------------------------------
2195  |Info:    ------------------------------------------------------
2195  |Info:    |              Detecting other devices               |
2195  |Info:    ------------------------------------------------------
2197  |Info:    ------------------------------------------------------
2197  |Info:    |                Detection completed                 |
2197  |Info:    ------------------------------------------------------
