    OpenRGB v0.9
    Commit:  from 
    Launched: 20240707_205113
====================================================================================================

0     |Info:    Found file: ram cycle.orp attempting to validate header
0     |Info:    Valid v4 profile found for ram cycle
1001  |Info:    ------------------------------------------------------
1001  |Info:    |               Start device detection               |
1001  |Info:    ------------------------------------------------------
1001  |Info:    Initializing HID interfaces: Success
1004  |Info:    ------------------------------------------------------
1004  |Info:    |             Detecting I2C interfaces               |
1004  |Info:    ------------------------------------------------------
1005  |Info:    Registering I2C interface: /dev/i2c-3 Device 1002:73FF Subsystem: 1462:5022
1005  |Info:    Registering I2C interface: /dev/i2c-10 Device 0000:0000 Subsystem: 0000:0000
1005  |Info:    Registering I2C interface: /dev/i2c-1 Device 1002:73FF Subsystem: 1462:5022
1005  |Warning: [i2c_smbus_linux] Failed to read i2c device PCI device ID
1005  |Info:    Registering I2C interface: /dev/i2c-8 Device 0000:0000 Subsystem: 0000:0000
1005  |Info:    Registering I2C interface: /dev/i2c-15 Device 0000:0000 Subsystem: 0000:0000
1005  |Warning: [i2c_smbus_linux] Failed to read i2c device PCI device ID
1005  |Info:    Registering I2C interface: /dev/i2c-6 Device 0000:0000 Subsystem: 0000:0000
1005  |Info:    Registering I2C interface: /dev/i2c-13 Device 0000:0000 Subsystem: 0000:0000
1005  |Info:    Registering I2C interface: /dev/i2c-4 Device 1002:73FF Subsystem: 1462:5022
1005  |Info:    Registering I2C interface: /dev/i2c-11 Device 0000:0000 Subsystem: 0000:0000
1005  |Info:    Registering I2C interface: /dev/i2c-2 Device 1002:73FF Subsystem: 1462:5022
1005  |Info:    Registering I2C interface: /dev/i2c-0 Device 1002:73FF Subsystem: 1462:5022
1005  |Info:    Registering I2C interface: /dev/i2c-9 Device 8086:7A23 Subsystem: 1458:5001
1005  |Warning: [i2c_smbus_linux] Failed to read i2c device PCI device ID
1005  |Info:    Registering I2C interface: /dev/i2c-7 Device 0000:0000 Subsystem: 0000:0000
1005  |Info:    Registering I2C interface: /dev/i2c-14 Device 0000:0000 Subsystem: 0000:0000
1005  |Info:    Registering I2C interface: /dev/i2c-5 Device 1002:73FF Subsystem: 1462:5022
1005  |Info:    Registering I2C interface: /dev/i2c-12 Device 0000:0000 Subsystem: 0000:0000
1005  |Info:    ------------------------------------------------------
1005  |Info:    |               Detecting I2C devices                |
1005  |Info:    ------------------------------------------------------
1204  |Info:    [ENE DRAM] Registering RGB controller
1401  |Info:    [ENE DRAM] Registering RGB controller
1807  |Info:    ------------------------------------------------------
1807  |Info:    |               Detecting I2C PCI devices            |
1807  |Info:    ------------------------------------------------------
1808  |Info:    ------------------------------------------------------
1808  |Info:    |               Detecting HID devices                |
1808  |Info:    ------------------------------------------------------
1808  |Info:    ------------------------------------------------------
1808  |Info:    |            Detecting libusb HID devices            |
1808  |Info:    ------------------------------------------------------
1813  |Info:    ------------------------------------------------------
1813  |Info:    |              Detecting other devices               |
1813  |Info:    ------------------------------------------------------
1816  |Info:    ------------------------------------------------------
1816  |Info:    |                Detection completed                 |
1816  |Info:    ------------------------------------------------------
1816  |Info:    Profile loading: Succeeded for ENE DRAM @ I2C: /dev/i2c-9, address 0x71
1816  |Info:    Profile loading: Succeeded for ENE DRAM @ I2C: /dev/i2c-9, address 0x73
