    OpenRGB v0.9
    Commit:  from 
    Launched: 20240707_204233
====================================================================================================

0     |Info:    Found file: ram cycle.orp attempting to validate header
0     |Info:    Valid v4 profile found for ram cycle
1002  |Info:    ------------------------------------------------------
1002  |Info:    |               Start device detection               |
1002  |Info:    ------------------------------------------------------
1002  |Info:    Initializing HID interfaces: Success
1003  |Info:    ------------------------------------------------------
1003  |Info:    |             Detecting I2C interfaces               |
1003  |Info:    ------------------------------------------------------
1003  |Info:    Registering I2C interface: /dev/i2c-3 Device 1002:73FF Subsystem: 1462:5022
1003  |Info:    Registering I2C interface: /dev/i2c-10 Device 0000:0000 Subsystem: 0000:0000
1003  |Info:    Registering I2C interface: /dev/i2c-1 Device 1002:73FF Subsystem: 1462:5022
1003  |Warning: [i2c_smbus_linux] Failed to read i2c device PCI device ID
1003  |Info:    Registering I2C interface: /dev/i2c-8 Device 0000:0000 Subsystem: 0000:0000
1004  |Info:    Registering I2C interface: /dev/i2c-15 Device 0000:0000 Subsystem: 0000:0000
1004  |Warning: [i2c_smbus_linux] Failed to read i2c device PCI device ID
1004  |Info:    Registering I2C interface: /dev/i2c-6 Device 0000:0000 Subsystem: 0000:0000
1004  |Info:    Registering I2C interface: /dev/i2c-13 Device 0000:0000 Subsystem: 0000:0000
1004  |Info:    Registering I2C interface: /dev/i2c-4 Device 1002:73FF Subsystem: 1462:5022
1004  |Info:    Registering I2C interface: /dev/i2c-11 Device 0000:0000 Subsystem: 0000:0000
1004  |Info:    Registering I2C interface: /dev/i2c-2 Device 1002:73FF Subsystem: 1462:5022
1004  |Info:    Registering I2C interface: /dev/i2c-0 Device 1002:73FF Subsystem: 1462:5022
1004  |Info:    Registering I2C interface: /dev/i2c-9 Device 8086:7A23 Subsystem: 1458:5001
1004  |Warning: [i2c_smbus_linux] Failed to read i2c device PCI device ID
1004  |Info:    Registering I2C interface: /dev/i2c-7 Device 0000:0000 Subsystem: 0000:0000
1004  |Info:    Registering I2C interface: /dev/i2c-14 Device 0000:0000 Subsystem: 0000:0000
1004  |Info:    Registering I2C interface: /dev/i2c-5 Device 1002:73FF Subsystem: 1462:5022
1004  |Info:    Registering I2C interface: /dev/i2c-12 Device 0000:0000 Subsystem: 0000:0000
1004  |Info:    ------------------------------------------------------
1004  |Info:    |               Detecting I2C devices                |
1004  |Info:    ------------------------------------------------------
1257  |Info:    [ENE DRAM] Registering RGB controller
1455  |Info:    [ENE DRAM] Registering RGB controller
1858  |Info:    ------------------------------------------------------
1858  |Info:    |               Detecting I2C PCI devices            |
1858  |Info:    ------------------------------------------------------
1859  |Info:    ------------------------------------------------------
1859  |Info:    |               Detecting HID devices                |
1859  |Info:    ------------------------------------------------------
1859  |Info:    ------------------------------------------------------
1859  |Info:    |            Detecting libusb HID devices            |
1859  |Info:    ------------------------------------------------------
1866  |Info:    ------------------------------------------------------
1866  |Info:    |              Detecting other devices               |
1866  |Info:    ------------------------------------------------------
1868  |Info:    ------------------------------------------------------
1868  |Info:    |                Detection completed                 |
1868  |Info:    ------------------------------------------------------
1868  |Info:    Profile loading: Succeeded for ENE DRAM @ I2C: /dev/i2c-9, address 0x71
1868  |Info:    Profile loading: Succeeded for ENE DRAM @ I2C: /dev/i2c-9, address 0x73
