    OpenRGB v0.9
    Commit:  from 
    Launched: 20240520_180342
====================================================================================================

0     |Info:    Found file: ram cycle.orp attempting to validate header
1     |Info:    Valid v4 profile found for ram cycle
1004  |Info:    ------------------------------------------------------
1004  |Info:    |               Start device detection               |
1004  |Info:    ------------------------------------------------------
1005  |Info:    Initializing HID interfaces: Success
1013  |Info:    ------------------------------------------------------
1013  |Info:    |             Detecting I2C interfaces               |
1013  |Info:    ------------------------------------------------------
1014  |Info:    Registering I2C interface: /dev/i2c-3 Device 1002:73FF Subsystem: 1462:5022
1014  |Info:    Registering I2C interface: /dev/i2c-10 Device 0000:0000 Subsystem: 0000:0000
1014  |Info:    Registering I2C interface: /dev/i2c-1 Device 1002:73FF Subsystem: 1462:5022
1014  |Warning: [i2c_smbus_linux] Failed to read i2c device PCI device ID
1014  |Info:    Registering I2C interface: /dev/i2c-8 Device 0000:0000 Subsystem: 0000:0000
1014  |Info:    Registering I2C interface: /dev/i2c-15 Device 0000:0000 Subsystem: 0000:0000
1014  |Warning: [i2c_smbus_linux] Failed to read i2c device PCI device ID
1014  |Info:    Registering I2C interface: /dev/i2c-6 Device 0000:0000 Subsystem: 0000:0000
1014  |Info:    Registering I2C interface: /dev/i2c-13 Device 0000:0000 Subsystem: 0000:0000
1014  |Info:    Registering I2C interface: /dev/i2c-4 Device 1002:73FF Subsystem: 1462:5022
1014  |Info:    Registering I2C interface: /dev/i2c-11 Device 0000:0000 Subsystem: 0000:0000
1014  |Info:    Registering I2C interface: /dev/i2c-2 Device 1002:73FF Subsystem: 1462:5022
1014  |Info:    Registering I2C interface: /dev/i2c-0 Device 1002:73FF Subsystem: 1462:5022
1014  |Info:    Registering I2C interface: /dev/i2c-9 Device 8086:7A23 Subsystem: 1458:5001
1014  |Warning: [i2c_smbus_linux] Failed to read i2c device PCI device ID
1014  |Info:    Registering I2C interface: /dev/i2c-7 Device 0000:0000 Subsystem: 0000:0000
1014  |Info:    Registering I2C interface: /dev/i2c-14 Device 0000:0000 Subsystem: 0000:0000
1014  |Info:    Registering I2C interface: /dev/i2c-5 Device 1002:73FF Subsystem: 1462:5022
1014  |Info:    Registering I2C interface: /dev/i2c-12 Device 0000:0000 Subsystem: 0000:0000
1014  |Info:    ------------------------------------------------------
1014  |Info:    |               Detecting I2C devices                |
1014  |Info:    ------------------------------------------------------
1276  |Info:    [ENE DRAM] Registering RGB controller
1483  |Info:    [ENE DRAM] Registering RGB controller
1902  |Info:    ------------------------------------------------------
1902  |Info:    |               Detecting I2C PCI devices            |
1902  |Info:    ------------------------------------------------------
1904  |Info:    ------------------------------------------------------
1904  |Info:    |               Detecting HID devices                |
1904  |Info:    ------------------------------------------------------
2064  |Info:    [B760M DS3H DDR4] Registering RGB controller
2275  |Info:    ------------------------------------------------------
2275  |Info:    |            Detecting libusb HID devices            |
2275  |Info:    ------------------------------------------------------
2290  |Info:    ------------------------------------------------------
2290  |Info:    |              Detecting other devices               |
2290  |Info:    ------------------------------------------------------
2294  |Info:    ------------------------------------------------------
2294  |Info:    |                Detection completed                 |
2294  |Info:    ------------------------------------------------------
2294  |Info:    Profile loading: Succeeded for ENE DRAM @ I2C: /dev/i2c-9, address 0x71
2294  |Info:    Profile loading: Succeeded for ENE DRAM @ I2C: /dev/i2c-9, address 0x73
2294  |Info:    Profile loading: Succeeded for B760M DS3H DDR4 @ HID: /dev/hidraw6
