    OpenRGB v0.9
    Commit:  from 
    Launched: 20240707_224053
====================================================================================================

2     |Info:    Found file: ram cycle.orp attempting to validate header
3     |Info:    Valid v4 profile found for ram cycle
1006  |Info:    ------------------------------------------------------
1006  |Info:    |               Start device detection               |
1006  |Info:    ------------------------------------------------------
1006  |Info:    Initializing HID interfaces: Success
1011  |Info:    ------------------------------------------------------
1011  |Info:    |             Detecting I2C interfaces               |
1011  |Info:    ------------------------------------------------------
1012  |Info:    Registering I2C interface: /dev/i2c-3 Device 1002:73FF Subsystem: 1462:5022
1012  |Info:    Registering I2C interface: /dev/i2c-10 Device 0000:0000 Subsystem: 0000:0000
1012  |Info:    Registering I2C interface: /dev/i2c-1 Device 1002:73FF Subsystem: 1462:5022
1012  |Warning: [i2c_smbus_linux] Failed to read i2c device PCI device ID
1012  |Info:    Registering I2C interface: /dev/i2c-8 Device 0000:0000 Subsystem: 0000:0000
1012  |Info:    Registering I2C interface: /dev/i2c-15 Device 0000:0000 Subsystem: 0000:0000
1012  |Warning: [i2c_smbus_linux] Failed to read i2c device PCI device ID
1012  |Info:    Registering I2C interface: /dev/i2c-6 Device 0000:0000 Subsystem: 0000:0000
1012  |Info:    Registering I2C interface: /dev/i2c-13 Device 0000:0000 Subsystem: 0000:0000
1012  |Info:    Registering I2C interface: /dev/i2c-4 Device 1002:73FF Subsystem: 1462:5022
1012  |Info:    Registering I2C interface: /dev/i2c-11 Device 0000:0000 Subsystem: 0000:0000
1012  |Info:    Registering I2C interface: /dev/i2c-2 Device 1002:73FF Subsystem: 1462:5022
1012  |Info:    Registering I2C interface: /dev/i2c-0 Device 1002:73FF Subsystem: 1462:5022
1012  |Info:    Registering I2C interface: /dev/i2c-9 Device 8086:7A23 Subsystem: 1458:5001
1012  |Warning: [i2c_smbus_linux] Failed to read i2c device PCI device ID
1012  |Info:    Registering I2C interface: /dev/i2c-7 Device 0000:0000 Subsystem: 0000:0000
1012  |Info:    Registering I2C interface: /dev/i2c-14 Device 0000:0000 Subsystem: 0000:0000
1012  |Info:    Registering I2C interface: /dev/i2c-5 Device 1002:73FF Subsystem: 1462:5022
1012  |Info:    Registering I2C interface: /dev/i2c-12 Device 0000:0000 Subsystem: 0000:0000
1012  |Info:    ------------------------------------------------------
1012  |Info:    |               Detecting I2C devices                |
1012  |Info:    ------------------------------------------------------
1220  |Info:    [ENE DRAM] Registering RGB controller
1423  |Info:    [ENE DRAM] Registering RGB controller
1834  |Info:    ------------------------------------------------------
1834  |Info:    |               Detecting I2C PCI devices            |
1834  |Info:    ------------------------------------------------------
1836  |Info:    ------------------------------------------------------
1836  |Info:    |               Detecting HID devices                |
1836  |Info:    ------------------------------------------------------
1999  |Info:    [B760M DS3H DDR4] Registering RGB controller
2211  |Info:    ------------------------------------------------------
2211  |Info:    |            Detecting libusb HID devices            |
2211  |Info:    ------------------------------------------------------
2231  |Info:    ------------------------------------------------------
2231  |Info:    |              Detecting other devices               |
2231  |Info:    ------------------------------------------------------
2240  |Info:    ------------------------------------------------------
2240  |Info:    |                Detection completed                 |
2240  |Info:    ------------------------------------------------------
2241  |Info:    Profile loading: Succeeded for ENE DRAM @ I2C: /dev/i2c-9, address 0x71
2241  |Info:    Profile loading: Succeeded for ENE DRAM @ I2C: /dev/i2c-9, address 0x73
2241  |Info:    Profile loading: FAILED! for B760M DS3H DDR4 @ HID: /dev/hidraw6
