    OpenRGB v0.9
    Commit:  from 
    Launched: 20240708_034216
====================================================================================================

1     |Info:    Found file: ram cycle.orp attempting to validate header
1     |Info:    Valid v4 profile found for ram cycle
1004  |Info:    ------------------------------------------------------
1004  |Info:    |               Start device detection               |
1004  |Info:    ------------------------------------------------------
1004  |Info:    Initializing HID interfaces: Success
1012  |Info:    ------------------------------------------------------
1012  |Info:    |             Detecting I2C interfaces               |
1012  |Info:    ------------------------------------------------------
1012  |Info:    Registering I2C interface: /dev/i2c-3 Device 1002:73FF Subsystem: 1462:5022
1012  |Info:    Registering I2C interface: /dev/i2c-10 Device 0000:0000 Subsystem: 0000:0000
1012  |Info:    Registering I2C interface: /dev/i2c-1 Device 1002:73FF Subsystem: 1462:5022
1013  |Warning: [i2c_smbus_linux] Failed to read i2c device PCI device ID
1013  |Info:    Registering I2C interface: /dev/i2c-8 Device 0000:0000 Subsystem: 0000:0000
1013  |Info:    Registering I2C interface: /dev/i2c-15 Device 0000:0000 Subsystem: 0000:0000
1013  |Warning: [i2c_smbus_linux] Failed to read i2c device PCI device ID
1013  |Info:    Registering I2C interface: /dev/i2c-6 Device 0000:0000 Subsystem: 0000:0000
1013  |Info:    Registering I2C interface: /dev/i2c-13 Device 0000:0000 Subsystem: 0000:0000
1013  |Info:    Registering I2C interface: /dev/i2c-4 Device 1002:73FF Subsystem: 1462:5022
1013  |Info:    Registering I2C interface: /dev/i2c-11 Device 0000:0000 Subsystem: 0000:0000
1013  |Info:    Registering I2C interface: /dev/i2c-2 Device 1002:73FF Subsystem: 1462:5022
1013  |Info:    Registering I2C interface: /dev/i2c-0 Device 1002:73FF Subsystem: 1462:5022
1013  |Info:    Registering I2C interface: /dev/i2c-9 Device 8086:7A23 Subsystem: 1458:5001
1013  |Warning: [i2c_smbus_linux] Failed to read i2c device PCI device ID
1013  |Info:    Registering I2C interface: /dev/i2c-7 Device 0000:0000 Subsystem: 0000:0000
1013  |Info:    Registering I2C interface: /dev/i2c-14 Device 0000:0000 Subsystem: 0000:0000
1014  |Info:    Registering I2C interface: /dev/i2c-5 Device 1002:73FF Subsystem: 1462:5022
1014  |Info:    Registering I2C interface: /dev/i2c-12 Device 0000:0000 Subsystem: 0000:0000
1014  |Info:    ------------------------------------------------------
1014  |Info:    |               Detecting I2C devices                |
1014  |Info:    ------------------------------------------------------
1276  |Info:    [ENE DRAM] Registering RGB controller
1480  |Info:    [ENE DRAM] Registering RGB controller
1897  |Info:    ------------------------------------------------------
1897  |Info:    |               Detecting I2C PCI devices            |
1897  |Info:    ------------------------------------------------------
1899  |Info:    ------------------------------------------------------
1899  |Info:    |               Detecting HID devices                |
1899  |Info:    ------------------------------------------------------
2060  |Info:    [B760M DS3H DDR4] Registering RGB controller
2273  |Info:    ------------------------------------------------------
2273  |Info:    |            Detecting libusb HID devices            |
2273  |Info:    ------------------------------------------------------
2291  |Info:    ------------------------------------------------------
2291  |Info:    |              Detecting other devices               |
2291  |Info:    ------------------------------------------------------
2302  |Info:    ------------------------------------------------------
2302  |Info:    |                Detection completed                 |
2302  |Info:    ------------------------------------------------------
2302  |Info:    Profile loading: Succeeded for ENE DRAM @ I2C: /dev/i2c-9, address 0x71
2302  |Info:    Profile loading: Succeeded for ENE DRAM @ I2C: /dev/i2c-9, address 0x73
2302  |Info:    Profile loading: FAILED! for B760M DS3H DDR4 @ HID: /dev/hidraw6
